Importer Log Report
Project : ESP32_LoRa_1_Channel_Gateway.PrjPcb

Section : Analyze Document - C:\Users\Ming\Documents\GitHub\Gem\component dimensions_PCB files\ESP32_LoRa_1_Channel_Gateway.brd
    Analyzing data of C:\Users\Ming\Documents\GitHub\Gem\component dimensions_PCB files\ESP32_LoRa_1_Channel_Gateway.brd
    Load settings
    Load layers 135
    Load board
    Load Library "SparkFun-Capacitors"
    Load Packages 1
    Load Library "SparkFun-Aesthetics"
    Load Packages 5
    Load Library "SparkFun-Resistors"
    Load Packages 1
    Load Library "SparkFun-Connectors"
    Load Packages 6
    Load Library "SparkFun-IC-Power"
    Load Packages 1
    Load Library "SparkFun-Switches"
    Load Packages 1
    Load Library "SparkFun-LED"
    Load Packages 1
    Load Library "SparkFun-IC-Comms"
    Load Packages 1
    Load Library "buzzard_labels"
    Load Packages 23
    Load Library "Labels"
    Load Packages 1
    Load Library "SparkFun-Jumpers"
    Load Packages 1
    Load Library "SparkFun-RF"
    Load Packages 2
    Load Library "buzzard_labels (1)"
    Load Packages 1
    Load Library "SparkFun-DiscreteSemi"
    Load Packages 1
    ERROR: Unhandled typemfgpreviewcolors
    ERROR: Unhandled typeerrors
EndSection

Section : Analyze Document - C:\Users\Ming\Documents\GitHub\Gem\component dimensions_PCB files\ESP32_LoRa_1_Channel_Gateway.sch
    Analyzing data of C:\Users\Ming\Documents\GitHub\Gem\component dimensions_PCB files\ESP32_LoRa_1_Channel_Gateway.sch
    Load settings
    Load layers 135
    Load schematic
    Load Libraries 12
    Load Library "SparkFun-Aesthetics"
    Load Packages 22
    Load Symbols 6
    Load DeviceSets 5
    Load Library "SparkFun-Resistors"
    Load Packages 5
    Load Symbols 1
    Load DeviceSets 3
    Load Library "SparkFun-PowerSymbols"
    Load Packages 0
    Load Symbols 3
    Load DeviceSets 3
    Load Library "SparkFun-Capacitors"
    Load Packages 6
    Load Symbols 1
    Load DeviceSets 4
    Load Library "SparkFun-Connectors"
    Load Packages 44
    Load Symbols 6
    Load DeviceSets 6
    Load Library "SparkFun-IC-Power"
    Load Packages 1
    Load Symbols 1
    Load DeviceSets 1
    Load Library "SparkFun-LED"
    Load Packages 3
    Load Symbols 1
    Load DeviceSets 2
    Load Library "SparkFun-Switches"
    Load Packages 2
    Load Symbols 1
    Load DeviceSets 1
    Load Library "SparkFun-IC-Comms"
    Load Packages 1
    Load Symbols 1
    Load DeviceSets 1
    Load Library "SparkFun-Jumpers"
    Load Packages 4
    Load Symbols 1
    Load DeviceSets 1
    Load Library "SparkFun-RF"
    Load Packages 3
    Load Symbols 2
    Load DeviceSets 2
    Load Library "SparkFun-DiscreteSemi"
    Load Packages 1
    Load Symbols 1
    Load DeviceSets 1
    Load Attributes 0
    Load Classes 2
    Load Parts 69
    Load Sheets 1
EndSection
