Removed Pin From Net: NetName=USER_BUTTON Pin=U?-2
Removed Pin From Net: NetName=PC1_DHT Pin=U?-9
Removed Pin From Net: NetName=PC2_DS18B20 Pin=U?-10
Removed Pin From Net: NetName=PC3_SOIL Pin=U?-11
Removed Pin From Net: NetName=PA0LDR Pin=U?-14
Removed Pin From Net: NetName=BT_TX Pin=U?-15
Removed Pin From Net: NetName=LED Pin=U?-21
Removed Pin From Net: NetName=GPSRX Pin=U?-42
Removed Pin From Net: NetName=GPSTX Pin=U?-43
Removed Pin From Net: NetName=SWDIO_STLINK Pin=U?-46
Removed Pin From Net: NetName=SWCLK_STLINK Pin=U?-49
Removed Pin From Net: NetName=BT_RX Pin=U?-51
Removed Pin From Net: NetName=SWO_STLINK Pin=U?-55
Removed Pin From Net: NetName=SCL_BARO Pin=U?-58
Removed Pin From Net: NetName=SDA_BARO Pin=U?-59
Change Component Designator: OldDesignator=U? NewDesignator=U1
Added Pin To Net: NetName=USER_BUTTON Pin=U1-2
Added Pin To Net: NetName=PC1_DHT Pin=U1-9
Added Pin To Net: NetName=PC2_DS18B20 Pin=U1-10
Added Pin To Net: NetName=PC3_SOIL Pin=U1-11
Added Pin To Net: NetName=PA0LDR Pin=U1-14
Added Pin To Net: NetName=BT_TX Pin=U1-15
Added Pin To Net: NetName=LED Pin=U1-21
Added Pin To Net: NetName=GPSRX Pin=U1-42
Added Pin To Net: NetName=GPSTX Pin=U1-43
Added Pin To Net: NetName=SWDIO_STLINK Pin=U1-46
Added Pin To Net: NetName=SWCLK_STLINK Pin=U1-49
Added Pin To Net: NetName=BT_RX Pin=U1-51
Added Pin To Net: NetName=SWO_STLINK Pin=U1-55
Added Pin To Net: NetName=SCL_BARO Pin=U1-58
Added Pin To Net: NetName=SDA_BARO Pin=U1-59
